Restler Information: 0 : Starting task FuzzLean...
    DateTime=2026-02-26T07:36:26.9640295Z
Restler Information: 0 : Launching 'python3 --version'
    DateTime=2026-02-26T07:36:27.2484703Z
Restler Information: 0 : Launching 'python --version'
    DateTime=2026-02-26T07:36:27.2485593Z
Restler Information: 0 : Process execution terminated in 00:00:00.0119054 with exit code 0x0: 'python3 --version'
    DateTime=2026-02-26T07:36:27.2668554Z
Restler Information: 0 : Process execution terminated in 00:00:00.0118681 with exit code 0x0: 'python --version'
    DateTime=2026-02-26T07:36:27.2668971Z
Restler Information: 0 : (22) python --version exited with code: 0
    DateTime=2026-02-26T07:36:27.2727622Z
Restler Information: 0 : (21) python3 --version exited with code: 0
    DateTime=2026-02-26T07:36:27.2727981Z
Restler Information: 0 : Launching 'python3 -B "/RESTler/restler/../engine/restler.py" --restler_grammar "/work/Compile/grammar.py" --custom_mutations "/work/Compile/dict.json" --set_version 9.3.1    --no_ssl   --settings "/work/Compile/engine_settings.json" --enable_checkers * --disable_checkers namespacerule    --include_user_agent --no_tokens_in_logs t --garbage_collection_interval 30 --fuzzing_mode directed-smoke-test'
    DateTime=2026-02-26T07:36:27.2889308Z
Restler Information: 0 : Process execution terminated in 00:01:13.1929206 with exit code 0x0: 'python3 -B "/RESTler/restler/../engine/restler.py" --restler_grammar "/work/Compile/grammar.py" --custom_mutations "/work/Compile/dict.json" --set_version 9.3.1    --no_ssl   --settings "/work/Compile/engine_settings.json" --enable_checkers * --disable_checkers namespacerule    --include_user_agent --no_tokens_in_logs t --garbage_collection_interval 30 --fuzzing_mode directed-smoke-test'
    DateTime=2026-02-26T07:37:40.4819810Z
Restler Information: 0 : (29) python3 -B "/RESTler/restler/../engine/restler.py" --restler_grammar "/work/Compile/grammar.py" --custom_mutations "/work/Compile/dict.json" --set_version 9.3.1    --no_ssl   --settings "/work/Compile/engine_settings.json" --enable_checkers * --disable_checkers namespacerule    --include_user_agent --no_tokens_in_logs t --garbage_collection_interval 30 --fuzzing_mode directed-smoke-test exited with code: 0
    DateTime=2026-02-26T07:37:40.4820527Z
Restler Information: 0 : Launching 'dotnet "/RESTler/restler/../resultsAnalyzer/Restler.ResultsAnalyzer.dll" analyze "/work/FuzzLean" --output_dir "/work/FuzzLean/ResponseBuckets" --dictionary_file "/work/Compile/dict.json" --max_instances_per_bucket 10'
    DateTime=2026-02-26T07:37:40.4923578Z
Restler Information: 0 : Process execution terminated in 00:00:00.7501481 with exit code 0x0: 'dotnet "/RESTler/restler/../resultsAnalyzer/Restler.ResultsAnalyzer.dll" analyze "/work/FuzzLean" --output_dir "/work/FuzzLean/ResponseBuckets" --dictionary_file "/work/Compile/dict.json" --max_instances_per_bucket 10'
    DateTime=2026-02-26T07:37:41.2425916Z
Restler Information: 0 : (38) dotnet "/RESTler/restler/../resultsAnalyzer/Restler.ResultsAnalyzer.dll" analyze "/work/FuzzLean" --output_dir "/work/FuzzLean/ResponseBuckets" --dictionary_file "/work/Compile/dict.json" --max_instances_per_bucket 10 exited with code: 0
    DateTime=2026-02-26T07:37:41.2426429Z
Restler Information: 0 : Request coverage (successful / total): 6 / 6
    DateTime=2026-02-26T07:37:41.3539410Z
Restler Information: 0 : Attempted requests: 6 / 6
    DateTime=2026-02-26T07:37:41.3540154Z
Restler Information: 0 : Bugs were found!
    DateTime=2026-02-26T07:37:41.3586108Z
Restler Information: 0 : Bug buckets:
    DateTime=2026-02-26T07:37:41.3586396Z
Restler Information: 0 : 
InvalidDynamicObjectChecker_20x: 2
    DateTime=2026-02-26T07:37:41.3593899Z
Restler Information: 0 : Task FuzzLean succeeded.
    DateTime=2026-02-26T07:37:41.3712955Z
Restler Information: 0 : Collecting logs...
    DateTime=2026-02-26T07:37:41.3873787Z
