Restler Information: 0 : Starting task Fuzz...
    DateTime=2026-02-20T05:25:27.1120460Z
Restler Information: 0 : Launching 'python --version'
    DateTime=2026-02-20T05:25:27.3965973Z
Restler Information: 0 : Launching 'python3 --version'
    DateTime=2026-02-20T05:25:27.3966932Z
Restler Information: 0 : Process execution terminated in 00:00:00.0127829 with exit code 0x0: 'python3 --version'
    DateTime=2026-02-20T05:25:27.4162980Z
Restler Information: 0 : Process execution terminated in 00:00:00.0128198 with exit code 0x0: 'python --version'
    DateTime=2026-02-20T05:25:27.4163415Z
Restler Information: 0 : (21) python --version exited with code: 0
    DateTime=2026-02-20T05:25:27.4221584Z
Restler Information: 0 : (22) python3 --version exited with code: 0
    DateTime=2026-02-20T05:25:27.4221960Z
Restler Information: 0 : Launching 'python3 -B "/RESTler/restler/../engine/restler.py" --restler_grammar "/work/Compile/grammar.py" --custom_mutations "/work/Compile/dict.json" --set_version 9.3.1    --no_ssl   --settings "/work/Compile/engine_settings.json" --enable_checkers * --disable_checkers namespacerule --time_budget 168.000000   --include_user_agent --no_tokens_in_logs t --garbage_collection_interval 30 --fuzzing_mode bfs-cheap'
    DateTime=2026-02-20T05:25:27.4385473Z
Restler Information: 0 : Ctrl-C intercepted. Long running tasks should have exited. Uploading logs.
    DateTime=2026-02-20T07:53:51.5354052Z
Restler Information: 0 : Ctrl-C intercepted. Long running tasks should have exited. Uploading logs.
    DateTime=2026-02-20T07:53:51.6752342Z
Restler Information: 0 : Ctrl-C intercepted. Long running tasks should have exited. Uploading logs.
    DateTime=2026-02-20T07:53:51.8262597Z
Restler Information: 0 : Process execution terminated in 02:30:47.5486134 with exit code 0xFF: 'python3 -B "/RESTler/restler/../engine/restler.py" --restler_grammar "/work/Compile/grammar.py" --custom_mutations "/work/Compile/dict.json" --set_version 9.3.1    --no_ssl   --settings "/work/Compile/engine_settings.json" --enable_checkers * --disable_checkers namespacerule --time_budget 168.000000   --include_user_agent --no_tokens_in_logs t --garbage_collection_interval 30 --fuzzing_mode bfs-cheap'
    DateTime=2026-02-20T07:56:14.9873150Z
Restler Information: 0 : (29) python3 -B "/RESTler/restler/../engine/restler.py" --restler_grammar "/work/Compile/grammar.py" --custom_mutations "/work/Compile/dict.json" --set_version 9.3.1    --no_ssl   --settings "/work/Compile/engine_settings.json" --enable_checkers * --disable_checkers namespacerule --time_budget 168.000000   --include_user_agent --no_tokens_in_logs t --garbage_collection_interval 30 --fuzzing_mode bfs-cheap exited with code: 255
    DateTime=2026-02-20T07:56:14.9874144Z
Restler Error: 0 : Restler engine failed. See logs in /work/Fuzz directory for more information. 
    DateTime=2026-02-20T07:56:14.9904863Z
Restler Information: 0 : Launching 'dotnet "/RESTler/restler/../resultsAnalyzer/Restler.ResultsAnalyzer.dll" analyze "/work/Fuzz" --output_dir "/work/Fuzz/ResponseBuckets" --dictionary_file "/work/Compile/dict.json" --max_instances_per_bucket 10'
    DateTime=2026-02-20T07:56:14.9975959Z
Restler Information: 0 : Process execution terminated in 00:00:00.2976056 with exit code 0x0: 'dotnet "/RESTler/restler/../resultsAnalyzer/Restler.ResultsAnalyzer.dll" analyze "/work/Fuzz" --output_dir "/work/Fuzz/ResponseBuckets" --dictionary_file "/work/Compile/dict.json" --max_instances_per_bucket 10'
    DateTime=2026-02-20T07:56:15.2953020Z
Restler Information: 0 : (55) dotnet "/RESTler/restler/../resultsAnalyzer/Restler.ResultsAnalyzer.dll" analyze "/work/Fuzz" --output_dir "/work/Fuzz/ResponseBuckets" --dictionary_file "/work/Compile/dict.json" --max_instances_per_bucket 10 exited with code: 0
    DateTime=2026-02-20T07:56:15.2953500Z
Restler Information: 0 : Task Fuzz failed.
    DateTime=2026-02-20T07:56:15.3013861Z
Restler Information: 0 : Collecting logs...
    DateTime=2026-02-20T07:56:15.4914764Z
