Restler Information: 0 : Starting task Test...
    DateTime=2026-02-20T02:51:20.4439994Z
Restler Information: 0 : Launching 'python --version'
    DateTime=2026-02-20T02:51:20.6869504Z
Restler Information: 0 : Launching 'python3 --version'
    DateTime=2026-02-20T02:51:20.6870441Z
Restler Information: 0 : Process execution terminated in 00:00:00.0128965 with exit code 0x0: 'python --version'
    DateTime=2026-02-20T02:51:20.7067422Z
Restler Information: 0 : Process execution terminated in 00:00:00.0128590 with exit code 0x0: 'python3 --version'
    DateTime=2026-02-20T02:51:20.7067838Z
Restler Information: 0 : (21) python3 --version exited with code: 0
    DateTime=2026-02-20T02:51:20.7127325Z
Restler Information: 0 : (22) python --version exited with code: 0
    DateTime=2026-02-20T02:51:20.7127702Z
Restler Information: 0 : Launching 'python3 -B "/RESTler/restler/../engine/restler.py" --restler_grammar "/work/Compile/grammar.py" --custom_mutations "/work/Compile/dict.json" --set_version 9.3.1    --no_ssl   --settings "/work/Compile/engine_settings.json"     --include_user_agent --no_tokens_in_logs t --garbage_collection_interval 30 --fuzzing_mode directed-smoke-test'
    DateTime=2026-02-20T02:51:20.7293152Z
Restler Information: 0 : Process execution terminated in 00:00:01.5413345 with exit code 0x0: 'python3 -B "/RESTler/restler/../engine/restler.py" --restler_grammar "/work/Compile/grammar.py" --custom_mutations "/work/Compile/dict.json" --set_version 9.3.1    --no_ssl   --settings "/work/Compile/engine_settings.json"     --include_user_agent --no_tokens_in_logs t --garbage_collection_interval 30 --fuzzing_mode directed-smoke-test'
    DateTime=2026-02-20T02:51:22.2707710Z
Restler Information: 0 : (29) python3 -B "/RESTler/restler/../engine/restler.py" --restler_grammar "/work/Compile/grammar.py" --custom_mutations "/work/Compile/dict.json" --set_version 9.3.1    --no_ssl   --settings "/work/Compile/engine_settings.json"     --include_user_agent --no_tokens_in_logs t --garbage_collection_interval 30 --fuzzing_mode directed-smoke-test exited with code: 0
    DateTime=2026-02-20T02:51:22.2708220Z
Restler Information: 0 : Launching 'dotnet "/RESTler/restler/../resultsAnalyzer/Restler.ResultsAnalyzer.dll" analyze "/work/Test" --output_dir "/work/Test/ResponseBuckets" --dictionary_file "/work/Compile/dict.json" --max_instances_per_bucket 10'
    DateTime=2026-02-20T02:51:22.2813903Z
Restler Information: 0 : Process execution terminated in 00:00:00.3608546 with exit code 0x0: 'dotnet "/RESTler/restler/../resultsAnalyzer/Restler.ResultsAnalyzer.dll" analyze "/work/Test" --output_dir "/work/Test/ResponseBuckets" --dictionary_file "/work/Compile/dict.json" --max_instances_per_bucket 10'
    DateTime=2026-02-20T02:51:22.6423532Z
Restler Information: 0 : (32) dotnet "/RESTler/restler/../resultsAnalyzer/Restler.ResultsAnalyzer.dll" analyze "/work/Test" --output_dir "/work/Test/ResponseBuckets" --dictionary_file "/work/Compile/dict.json" --max_instances_per_bucket 10 exited with code: 0
    DateTime=2026-02-20T02:51:22.6424213Z
Restler Information: 0 : Request coverage (successful / total): 5 / 5
    DateTime=2026-02-20T02:51:22.7556079Z
Restler Information: 0 : Attempted requests: 5 / 5
    DateTime=2026-02-20T02:51:22.7556617Z
Restler Information: 0 : No bugs were found.
    DateTime=2026-02-20T02:51:22.7576981Z
Restler Information: 0 : Task Test succeeded.
    DateTime=2026-02-20T02:51:22.7725057Z
Restler Information: 0 : Collecting logs...
    DateTime=2026-02-20T02:51:22.7881174Z
