Restler Information: 0 : Starting task FuzzLean...
    DateTime=2026-02-20T03:59:14.9763584Z
Restler Information: 0 : Launching 'python --version'
    DateTime=2026-02-20T03:59:15.2980660Z
Restler Information: 0 : Launching 'python3 --version'
    DateTime=2026-02-20T03:59:15.2981626Z
Restler Information: 0 : Process execution terminated in 00:00:00.0118638 with exit code 0x0: 'python --version'
    DateTime=2026-02-20T03:59:15.3162074Z
Restler Information: 0 : Process execution terminated in 00:00:00.0118253 with exit code 0x0: 'python3 --version'
    DateTime=2026-02-20T03:59:15.3162488Z
Restler Information: 0 : (21) python3 --version exited with code: 0
    DateTime=2026-02-20T03:59:15.3220886Z
Restler Information: 0 : (22) python --version exited with code: 0
    DateTime=2026-02-20T03:59:15.3221257Z
Restler Information: 0 : Launching 'python3 -B "/RESTler/restler/../engine/restler.py" --restler_grammar "/work/Compile/grammar.py" --custom_mutations "/work/Compile/dict.json" --set_version 9.3.1    --no_ssl   --settings "/work/Compile/engine_settings.json" --enable_checkers * --disable_checkers namespacerule    --include_user_agent --no_tokens_in_logs t --garbage_collection_interval 30 --fuzzing_mode directed-smoke-test'
    DateTime=2026-02-20T03:59:15.3382585Z
Restler Information: 0 : Process execution terminated in 00:01:20.5100719 with exit code 0x0: 'python3 -B "/RESTler/restler/../engine/restler.py" --restler_grammar "/work/Compile/grammar.py" --custom_mutations "/work/Compile/dict.json" --set_version 9.3.1    --no_ssl   --settings "/work/Compile/engine_settings.json" --enable_checkers * --disable_checkers namespacerule    --include_user_agent --no_tokens_in_logs t --garbage_collection_interval 30 --fuzzing_mode directed-smoke-test'
    DateTime=2026-02-20T04:00:35.8484570Z
Restler Information: 0 : (29) python3 -B "/RESTler/restler/../engine/restler.py" --restler_grammar "/work/Compile/grammar.py" --custom_mutations "/work/Compile/dict.json" --set_version 9.3.1    --no_ssl   --settings "/work/Compile/engine_settings.json" --enable_checkers * --disable_checkers namespacerule    --include_user_agent --no_tokens_in_logs t --garbage_collection_interval 30 --fuzzing_mode directed-smoke-test exited with code: 0
    DateTime=2026-02-20T04:00:35.8485200Z
Restler Information: 0 : Launching 'dotnet "/RESTler/restler/../resultsAnalyzer/Restler.ResultsAnalyzer.dll" analyze "/work/FuzzLean" --output_dir "/work/FuzzLean/ResponseBuckets" --dictionary_file "/work/Compile/dict.json" --max_instances_per_bucket 10'
    DateTime=2026-02-20T04:00:35.8582538Z
Restler Information: 0 : Process execution terminated in 00:00:00.7521877 with exit code 0x0: 'dotnet "/RESTler/restler/../resultsAnalyzer/Restler.ResultsAnalyzer.dll" analyze "/work/FuzzLean" --output_dir "/work/FuzzLean/ResponseBuckets" --dictionary_file "/work/Compile/dict.json" --max_instances_per_bucket 10'
    DateTime=2026-02-20T04:00:36.6105200Z
Restler Information: 0 : (40) dotnet "/RESTler/restler/../resultsAnalyzer/Restler.ResultsAnalyzer.dll" analyze "/work/FuzzLean" --output_dir "/work/FuzzLean/ResponseBuckets" --dictionary_file "/work/Compile/dict.json" --max_instances_per_bucket 10 exited with code: 0
    DateTime=2026-02-20T04:00:36.6105751Z
Restler Information: 0 : Request coverage (successful / total): 6 / 6
    DateTime=2026-02-20T04:00:36.7201455Z
Restler Information: 0 : Attempted requests: 6 / 6
    DateTime=2026-02-20T04:00:36.7201888Z
Restler Information: 0 : Bugs were found!
    DateTime=2026-02-20T04:00:36.7248044Z
Restler Information: 0 : Bug buckets:
    DateTime=2026-02-20T04:00:36.7248238Z
Restler Information: 0 : 
InvalidDynamicObjectChecker_20x: 1
    DateTime=2026-02-20T04:00:36.7256148Z
Restler Information: 0 : Task FuzzLean succeeded.
    DateTime=2026-02-20T04:00:36.7371931Z
Restler Information: 0 : Collecting logs...
    DateTime=2026-02-20T04:00:36.8288384Z
